<?xml version="1.0" encoding="UTF-8"?>
<!-- Generated by org.testng.reporters.JUnitXMLReporter -->
<testsuite ignored="0" hostname="DESKTOP-BHD5INT" failures="0" tests="7" name="Test" time="276.996" errors="0" timestamp="2023-10-24T07:48:54 CEST">
  <testcase classname="testcases.SPSignUpTest" name="Signup" time="28.615"/>
  <testcase classname="testcases.SPLoginTest" name="LoginwithValidCredentials" time="15.895"/>
  <testcase classname="testcases.SPLoginTest" name="LoginwithInValidPassword" time="7.518"/>
  <testcase classname="testcases.SPLoginTest" name="LoginwithInValidEMail" time="7.591"/>
  <testcase classname="testcases.SPLoginTest" name="LoginwithInValidCredentials" time="7.295"/>
  <testcase classname="testcases.SPSearchFlightTest" name="SearchFlightRoundTrip" time="32.685"/>
  <testcase classname="testcases.SPSearchFlightTest" name="SearchFlightOnewWayTrip" time="90.588"/>
</testsuite> <!-- Test -->
