<?xml version="1.0" encoding="UTF-8"?>
<testng-results ignored="0" total="1" passed="1" failed="0" skipped="0">
  <reporter-output>
  </reporter-output>
  <suite started-at="2023-10-24T07:29:27 CEST" name="Default suite" finished-at="2023-10-24T07:30:09 CEST" duration-ms="42079">
    <groups>
    </groups>
    <test started-at="2023-10-24T07:29:27 CEST" name="Default test" finished-at="2023-10-24T07:30:09 CEST" duration-ms="42079">
      <class name="testcases.SPSignUpTest">
        <test-method is-config="true" signature="startup()[pri:0, instance:testcases.SPSignUpTest@5e0e82ae]" started-at="2023-10-24T07:29:27 CEST" name="startup" finished-at="2023-10-24T07:29:40 CEST" duration-ms="13144" status="PASS">
          <reporter-output>
          </reporter-output>
        </test-method> <!-- startup -->
        <test-method signature="Signup()[pri:1, instance:testcases.SPSignUpTest@5e0e82ae]" started-at="2023-10-24T07:29:41 CEST" name="Signup" finished-at="2023-10-24T07:30:08 CEST" duration-ms="27889" status="PASS">
          <reporter-output>
          </reporter-output>
        </test-method> <!-- Signup -->
        <test-method is-config="true" signature="close()[pri:0, instance:testcases.SPSignUpTest@5e0e82ae]" started-at="2023-10-24T07:30:08 CEST" name="close" finished-at="2023-10-24T07:30:09 CEST" duration-ms="918" status="PASS">
          <reporter-output>
          </reporter-output>
        </test-method> <!-- close -->
      </class> <!-- testcases.SPSignUpTest -->
    </test> <!-- Default test -->
  </suite> <!-- Default suite -->
</testng-results>
